C51 COMPILER V9.52.0.0   MATRIX_KEYBOARD                                                   05/21/2018 12:32:05 PAGE 1   


C51 COMPILER V9.52.0.0, COMPILATION OF MODULE MATRIX_KEYBOARD
OBJECT MODULE PLACED IN Matrix_Keyboard.OBJ
COMPILER INVOKED BY: E:\Keil\C51\BIN\C51.EXE Matrix_Keyboard.c BROWSE DEBUG OBJECTEXTEND

line level    source

   1          #include "reg52.h"                       //此文件中定义了单片机的一些特殊功能寄存器
   2          
   3          typedef unsigned int u16;         //对数据类型进行声明定义
   4          typedef unsigned char u8;
   5          
   6          #define GPIO_DIG P0       
   7          #define GPIO_KEY P1
   8          
   9          sbit LSA=P2^2;
  10          sbit LSB=P2^3;
  11          sbit LSC=P2^4;
  12          
  13          u8 KeyValue=16; //用来存放读取到的键值
  14          
  15          
  16          u8 code smgduan[17]={0x3f,0x06,0x5b,0x4f,0x66,0x6d,0x7d,0x07,
  17                                                  0x7f,0x6f,0x77,0x7c,0x39,0x5e,0x79,0x71};//显示0~F的值
  18          
  19          /*******************************************************************************
  20          * 函 数 名         : delay
  21          * 函数功能                 : 延时函数，i=1时，大约延时10us
  22          *******************************************************************************/
  23          void delay(u16 i)
  24          {
  25   1              while(i--);     
  26   1      }
  27          
  28          /*******************************************************************************
  29          * 函 数 名         : KEY_Scan
  30          * 函数功能                 : 检测按键是否按下并读取键值
  31          * 输    入         : 无
  32          * 输    出         : 无
  33          *******************************************************************************/
  34          void KEY_Scan(void)
  35          {
  36   1              char a=0;
  37   1              GPIO_KEY=0x0f;
  38   1              if(GPIO_KEY!=0x0f)//读取按键是否按下
  39   1              {
  40   2                      delay(1000);//延时10ms进行消抖
  41   2                      if(GPIO_KEY!=0x0f)//再次检测键盘是否按下
  42   2                      {       
  43   3                              //测试列
  44   3                              GPIO_KEY=0X0F;
  45   3                              switch(GPIO_KEY)
  46   3                              {
  47   4                                      case(0X07):     KeyValue=0;break;
  48   4                                      case(0X0b):     KeyValue=1;break;
  49   4                                      case(0X0d): KeyValue=2;break;
  50   4                                      case(0X0e):     KeyValue=3;break;
  51   4                              }
  52   3                              //测试行
  53   3                              GPIO_KEY=0XF0;
  54   3                              switch(GPIO_KEY)
  55   3                              {
C51 COMPILER V9.52.0.0   MATRIX_KEYBOARD                                                   05/21/2018 12:32:05 PAGE 2   

  56   4                                      case(0X70):     KeyValue=KeyValue;break;
  57   4                                      case(0Xb0):     KeyValue=KeyValue+4;break;
  58   4                                      case(0Xd0): KeyValue=KeyValue+8;break;
  59   4                                      case(0Xe0):     KeyValue=KeyValue+12;break;
  60   4                              }
  61   3                              while((a<50)&&(GPIO_KEY!=0xf0))  //检测按键松手检测
  62   3                              {
  63   4                                      delay(1000);
  64   4                                      a++;
  65   4                              }
  66   3                      }
  67   2              }
  68   1      }
  69          
  70          
  71          /*******************************************************************************
  72          * 函 数 名       : main
  73          * 函数功能               : 主函数
  74          * 输    入       : 无
  75          * 输    出       : 无
  76          *******************************************************************************/
  77          void main()
  78          {       
  79   1              LSA=0; //给一个数码管提供位选
  80   1              LSB=0;
  81   1              LSC=0;
  82   1              while(1)
  83   1              {       
  84   2                      KEY_Scan();                //按键判断函数
  85   2                      GPIO_DIG=smgduan[KeyValue];       //
  86   2              }               
  87   1      }


MODULE INFORMATION:   STATIC OVERLAYABLE
   CODE SIZE        =    162    ----
   CONSTANT SIZE    =     17    ----
   XDATA SIZE       =   ----    ----
   PDATA SIZE       =   ----    ----
   DATA SIZE        =      1       1
   IDATA SIZE       =   ----    ----
   BIT SIZE         =   ----    ----
END OF MODULE INFORMATION.


C51 COMPILATION COMPLETE.  0 WARNING(S),  0 ERROR(S)
