C51 COMPILER V9.52.0.0   MAIN                                                              05/25/2018 23:06:13 PAGE 1   


C51 COMPILER V9.52.0.0, COMPILATION OF MODULE MAIN
OBJECT MODULE PLACED IN main.OBJ
COMPILER INVOKED BY: E:\Keil\C51\BIN\C51.EXE main.c BROWSE DEBUG OBJECTEXTEND

line level    source

   1          /**************************************************************************************
   2          *                             LCD1602液晶显示实验                                                                                                 *
   3          实现现象：下载程序后插上LCD1602液晶在开发板上，即可显示字符信息
   4          注意事项：                                                                                                                                                                
   5          ***************************************************************************************/
   6          
   7          #include "reg52.h"                       //此文件中定义了单片机的一些特殊功能寄存器
   8          #include "lcd.h"
   9          
  10          typedef unsigned int u16;         //对数据类型进行声明定义
  11          typedef unsigned char u8;
  12          
  13          u8 Disp1[]=" KAI TUO ZHE V2 ";
  14          u8 Disp2[]="  Hello World!  ";
  15          
  16          /*******************************************************************************
  17          * 函 数 名         : main
  18          * 函数功能                 : 主函数
  19          * 输    入         : 无
  20          * 输    出         : 无
  21          *******************************************************************************/
  22          void main(void)
  23          {
  24   1              u8 i;
  25   1              LcdInit();
  26   1              for(i=0;i<16;i++)
  27   1              {
  28   2                      LcdWriteData(Disp1[i]); 
  29   2              }
  30   1              LcdWriteCom(0x80+0x40);
  31   1              for(i=0;i<16;i++)
  32   1              {
  33   2                      LcdWriteData(Disp2[i]); 
  34   2              }
  35   1              while(1);
  36   1      }


MODULE INFORMATION:   STATIC OVERLAYABLE
   CODE SIZE        =     54    ----
   CONSTANT SIZE    =   ----    ----
   XDATA SIZE       =   ----    ----
   PDATA SIZE       =   ----    ----
   DATA SIZE        =     34       1
   IDATA SIZE       =   ----    ----
   BIT SIZE         =   ----    ----
END OF MODULE INFORMATION.


C51 COMPILATION COMPLETE.  0 WARNING(S),  0 ERROR(S)
