C51 COMPILER V9.52.0.0   LED                                                               05/02/2018 10:54:02 PAGE 1   


C51 COMPILER V9.52.0.0, COMPILATION OF MODULE LED
OBJECT MODULE PLACED IN LED.OBJ
COMPILER INVOKED BY: E:\Keil\C51\BIN\C51.EXE LED.c BROWSE DEBUG OBJECTEXTEND

line level    source

   1          #include "reg52.h"                       //此文件中定义了单片机的一些特殊功能寄存器
   2          #include <intrins.h>            //因为要用到左右移函数，所以加入这个头文件
   3          
   4          typedef unsigned int u16;         //对数据类型进行声明定义
   5          typedef unsigned char u8;
   6          
   7          #define LED P2     //将P2口定义为LED 后面就可以使用LED代替P2口
   8          
   9          /*********************************************************
  10          * 函 数 名         : delay
  11          * 函数功能                 : 延时函数，i=1时，大约延时10us
  12          ****************************************************************/
  13          void delay(u16 i)
  14          {
  15   1              while(i--);     
  16   1      }
  17          
  18          /****************************************************
  19          * 函 数 名       : main
  20          * 函数功能               : 主函数
  21          * 输    入       : 无
  22          * 输    出       : 无
  23          *******************************************/
  24          void main()
  25          {
  26   1              u8 i;
  27   1              LED=0xfe;
  28   1              delay(50000); //大约延时450ms   
  29   1              while(1)
  30   1              {       
  31   2      
  32   2                      for(i=0;i<7;i++)         //将led左移一位
  33   2                      {
  34   3                              LED=_crol_(LED,1);
  35   3                              delay(50000); //大约延时450ms   
  36   3                      }
  37   2                      for(i=0;i<7;i++)        //将led右移一位
  38   2                      {
  39   3                              LED=_cror_(LED,1);
  40   3                              delay(50000); //大约延时450ms   
  41   3                      } 
  42   2              }               
  43   1      }


MODULE INFORMATION:   STATIC OVERLAYABLE
   CODE SIZE        =     68    ----
   CONSTANT SIZE    =   ----    ----
   XDATA SIZE       =   ----    ----
   PDATA SIZE       =   ----    ----
   DATA SIZE        =   ----    ----
   IDATA SIZE       =   ----    ----
   BIT SIZE         =   ----    ----
END OF MODULE INFORMATION.


C51 COMPILATION COMPLETE.  0 WARNING(S),  0 ERROR(S)
