C51 COMPILER V9.52.0.0   STATIC_DIGIT                                                      05/06/2018 22:40:39 PAGE 1   


C51 COMPILER V9.52.0.0, COMPILATION OF MODULE STATIC_DIGIT
OBJECT MODULE PLACED IN static_digit.OBJ
COMPILER INVOKED BY: E:\Keil\C51\BIN\C51.EXE static_digit.c BROWSE DEBUG OBJECTEXTEND

line level    source

   1          #include "reg52.h"                       //此文件中定义了单片机的一些特殊功能寄存器
   2          
   3          typedef unsigned int u16;         //对数据类型进行声明定义
   4          typedef unsigned char u8;
   5          
   6          sbit LSA=P2^2;   //38译码器控制引脚
   7          sbit LSB=P2^3;
   8          sbit LSC=P2^4;
   9          
  10          u8 code smgduan[17]={0x3f,0x06,0x5b,0x4f,0x66,0x6d,0x7d,0x07,
  11                                                  0x7f,0x6f,0x77,0x7c,0x39,0x5e,0x79,0x71};//显示0~F的值
  12          
  13          
  14          /*******************************************************************************
  15          * 函 数 名       : main
  16          * 函数功能               : 主函数
  17          * 输    入       : 无
  18          * 输    出       : 无
  19          *******************************************************************************/
  20          void main()
  21          {       
  22   1              LSA=0;
  23   1              LSB=0;
  24   1              LSC=0;  //控制38译码器的Y0输出低电平
  25   1              P0=smgduan[0];
  26   1              while(1);
  27   1      }


MODULE INFORMATION:   STATIC OVERLAYABLE
   CODE SIZE        =     15    ----
   CONSTANT SIZE    =     17    ----
   XDATA SIZE       =   ----    ----
   PDATA SIZE       =   ----    ----
   DATA SIZE        =   ----    ----
   IDATA SIZE       =   ----    ----
   BIT SIZE         =   ----    ----
END OF MODULE INFORMATION.


C51 COMPILATION COMPLETE.  0 WARNING(S),  0 ERROR(S)
