C51 COMPILER V9.52.0.0   RS232                                                             05/17/2018 21:48:51 PAGE 1   


C51 COMPILER V9.52.0.0, COMPILATION OF MODULE RS232
OBJECT MODULE PLACED IN RS232.OBJ
COMPILER INVOKED BY: E:\Keil\C51\BIN\C51.EXE RS232.c BROWSE DEBUG OBJECTEXTEND

line level    source

   1          #include "reg52.h"                       //此文件中定义了单片机的一些特殊功能寄存器
   2          
   3          typedef unsigned int u16;         //对数据类型进行声明定义
   4          typedef unsigned char u8;
   5          
   6          
   7          /*******************************************************************************
   8          * 函数名         :UsartInit()
   9          * 函数功能                 :设置串口
  10          * 输入           : 无
  11          * 输出           : 无
  12          *******************************************************************************/
  13          void UsartInit()
  14          {
  15   1              SCON=0X50;                      //设置为工作方式1
  16   1              TMOD=0X20;                      //设置计数器工作方式2
  17   1              PCON=0X80;                      //波特率加倍
  18   1              TH1=0XF4;                               //计数器初始值设置，注意波特率是4800的
  19   1              TL1=0XF4;
  20   1              ES=1;                                           //打开接收中断
  21   1              EA=1;                                           //打开总中断
  22   1              TR1=1;                                  //打开计数器
  23   1      }
  24          
  25          
  26          /*******************************************************************************
  27          * 函 数 名       : main
  28          * 函数功能               : 主函数
  29          * 输    入       : 无
  30          * 输    出       : 无
  31          *******************************************************************************/
  32          void main()
  33          {       
  34   1              UsartInit();  //        串口初始化
  35   1              while(1);               
  36   1      }
  37          
  38          /*******************************************************************************
  39          * 函数名         : Usart() interrupt 4
  40          * 函数功能                : 串口通信中断函数
  41          * 输入           : 无
  42          * 输出           : 无
  43          *******************************************************************************/
  44          void Usart() interrupt 4
  45          {
  46   1              u8 receiveData;
  47   1      
  48   1              receiveData=SBUF;//出去接收到的数据
  49   1              RI = 0;//清除接收中断标志位
  50   1              SBUF=receiveData;//将接收到的数据放入到发送寄存器
  51   1              while(!TI);                      //等待发送数据完成
  52   1              TI=0;                                            //清除发送完成标志位
  53   1      }


C51 COMPILER V9.52.0.0   RS232                                                             05/17/2018 21:48:51 PAGE 2   

MODULE INFORMATION:   STATIC OVERLAYABLE
   CODE SIZE        =     50    ----
   CONSTANT SIZE    =   ----    ----
   XDATA SIZE       =   ----    ----
   PDATA SIZE       =   ----    ----
   DATA SIZE        =   ----    ----
   IDATA SIZE       =   ----    ----
   BIT SIZE         =   ----    ----
END OF MODULE INFORMATION.


C51 COMPILATION COMPLETE.  0 WARNING(S),  0 ERROR(S)
