C51 COMPILER V9.54   BUTTONS                                                               06/20/2018 22:44:17 PAGE 1   


C51 COMPILER V9.54, COMPILATION OF MODULE BUTTONS
OBJECT MODULE PLACED IN buttons.OBJ
COMPILER INVOKED BY: E:\Keil\Keil_v5\C51\BIN\C51.EXE buttons.c LARGE OPTIMIZE(8,SPEED) BROWSE DEBUG OBJECTEXTEND TABS(2)

line level    source

   1          #include "buttons.h"
   2          
   3          /*******************************************************************************
   4          * 函数名         : BTInit()
   5          * 函数功能       : 初始化按钮引脚电平
   6          * 输入           : 无
   7          * 输出           : 无
   8          *******************************************************************************/
   9          void BTInit()
  10          {
  11   1        UP = 1;
  12   1        DOWN = 1;
  13   1        LEFT = 1;
  14   1        RIGHT = 1;
  15   1        START = 1;
  16   1      }


MODULE INFORMATION:   STATIC OVERLAYABLE
   CODE SIZE        =     11    ----
   CONSTANT SIZE    =   ----    ----
   XDATA SIZE       =   ----    ----
   PDATA SIZE       =   ----    ----
   DATA SIZE        =   ----    ----
   IDATA SIZE       =   ----    ----
   BIT SIZE         =   ----    ----
END OF MODULE INFORMATION.


C51 COMPILATION COMPLETE.  0 WARNING(S),  0 ERROR(S)
