C51 COMPILER V9.52.0.0   IR                                                                06/16/2018 14:27:56 PAGE 1   


C51 COMPILER V9.52.0.0, COMPILATION OF MODULE IR
OBJECT MODULE PLACED IN ir.OBJ
COMPILER INVOKED BY: E:\Keil\C51\BIN\C51.EXE ir.c BROWSE DEBUG OBJECTEXTEND

line level    source

   1          #include "ir.h"
   2          
   3          /**********************************
   4          变量定义
   5          **********************************/
   6          uchar IrValue[6];
   7          uchar Time;
   8          
   9          uchar DisplayData[8];
  10          uchar code smgduan[17]={
  11                          0x3f,0x06,0x5b,0x4f,0x66,0x6d,0x7d,0x07,
  12                          0x7f,0x6f,0x77,0x7c,0x39,0x5e,0x79,0x71,0X76};
  13          //0、1、2、3、4、5、6、7、8、9、A、b、C、d、E、F、H的显示码
  14          
  15          /*******************************************************************************
  16          * 函 数 名         : delay
  17          * 函数功能                 : 延时函数，i=1时，大约延时10us
  18          *******************************************************************************/
  19          void delay(uint i)
  20          {
  21   1              while(i--);     
  22   1      }
  23          
  24          /*******************************************************************************
  25          * 函数名         : ReadIr()
  26          * 函数功能                 : 读取红外数值的中断函数
  27          * 输入           : 无
  28          * 输出           : 无
  29          *******************************************************************************/
  30          void ReadIr() interrupt 0
  31          {
  32   1              uchar j,k;
  33   1              uint err;
  34   1              Time=0;                                  
  35   1              delay(700);     //7ms
  36   1              if(IRIN==0)             //确认是否真的接收到正确的信号
  37   1              {        
  38   2                      err=1000;                               //1000*10us=10ms,超过说明接收到错误的信号
  39   2                      /*当两个条件都为真是循环，如果有一个条件为假的时候跳出循环，免得程序出错的时
  40   2                      侯，程序死在这里*/      
  41   2                      while((IRIN==0)&&(err>0))       //等待前面9ms的低电平过去               
  42   2                      {                       
  43   3                              delay(1);
  44   3                              err--;
  45   3                      } 
  46   2                      if(IRIN==1)                     //如果正确等到9ms低电平
  47   2                      {
  48   3                              err=500;
  49   3                              while((IRIN==1)&&(err>0))                //等待4.5ms的起始高电平过去
  50   3                              {
  51   4                                      delay(1);
  52   4                                      err--;
  53   4                              }
  54   3                              for(k=0;k<4;k++)                //共有4组数据
  55   3                              {                               
C51 COMPILER V9.52.0.0   IR                                                                06/16/2018 14:27:56 PAGE 2   

  56   4                                      for(j=0;j<8;j++)        //接收一组数据
  57   4                                      {
  58   5      
  59   5                                              err=60;         
  60   5                                              while((IRIN==0)&&(err>0))//等待信号前面的560us低电平过去
  61   5                                              {
  62   6                                                      delay(1);
  63   6                                                      err--;
  64   6                                              }
  65   5                                              err=500;
  66   5                                              while((IRIN==1)&&(err>0))        //计算高电平的时间长度。
  67   5                                              {
  68   6                                                      delay(10);       //0.1ms
  69   6                                                      Time++;
  70   6                                                      err--;
  71   6                                                      if(Time>30)
  72   6                                                      {
  73   7                                                              return;
  74   7                                                      }
  75   6                                              }
  76   5                                              IrValue[k]>>=1;  //k表示第几组数据
  77   5                                              if(Time>=8)                     //如果高电平出现大于565us，那么是1
  78   5                                              {
  79   6                                                      IrValue[k]|=0x80;
  80   6                                              }
  81   5                                              Time=0;         //用完时间要重新赋值                                                    
  82   5                                      }
  83   4                              }
  84   3                      }
  85   2                      if(IrValue[2]!=~IrValue[3])
  86   2                      {
  87   3                              return;
  88   3                      }
  89   2              }                       
  90   1      }
  91          
  92          /*******************************************************************************
  93          * 函数名         : IrInit()
  94          * 函数功能                 : 初始化红外线接收
  95          * 输入           : 无
  96          * 输出           : 无
  97          *******************************************************************************/
  98          void IrInit()
  99          {
 100   1              IT0=1;//下降沿触发
 101   1              EX0=1;//打开中断0允许
 102   1              EA=1;   //打开总中断
 103   1      
 104   1              IRIN=1;//初始化端口
 105   1      }


MODULE INFORMATION:   STATIC OVERLAYABLE
   CODE SIZE        =    253    ----
   CONSTANT SIZE    =     17    ----
   XDATA SIZE       =   ----    ----
   PDATA SIZE       =   ----    ----
   DATA SIZE        =     15       1
   IDATA SIZE       =   ----    ----
   BIT SIZE         =   ----    ----
END OF MODULE INFORMATION.


C51 COMPILATION COMPLETE.  0 WARNING(S),  0 ERROR(S)
