C51 COMPILER V9.52.0.0   LCD                                                               06/16/2018 14:27:56 PAGE 1   


C51 COMPILER V9.52.0.0, COMPILATION OF MODULE LCD
OBJECT MODULE PLACED IN lcd.OBJ
COMPILER INVOKED BY: E:\Keil\C51\BIN\C51.EXE lcd.c BROWSE DEBUG OBJECTEXTEND

line level    source

   1          #include "lcd.h"
   2          
   3          /*******************************************************************************
   4          * 函 数 名         : Lcd1602_Delay1ms
   5          * 函数功能                 : 延时函数，延时1ms
   6          * 输    入         : c
   7          * 输    出         : 无
   8          * 说    名         : 该函数是在12MHZ晶振下，12分频单片机的延时。
   9          *******************************************************************************/
  10          void Lcd1602_Delay1ms(uint c)   //误差 0us
  11          {
  12   1          uchar a,b;
  13   1              for (; c>0; c--)
  14   1              {
  15   2                       for (b=199;b>0;b--)
  16   2                       {
  17   3                              for(a=1;a>0;a--);
  18   3                       }      
  19   2              }
  20   1              
  21   1      }
  22          
  23          /*******************************************************************************
  24          * 函 数 名         : LcdWriteCom
  25          * 函数功能                 : 向LCD写入一个字节的命令
  26          * 输    入         : com
  27          * 输    出         : 无
  28          *******************************************************************************/
  29          void LcdWriteCom(uchar com)       //写入命令
  30          {
  31   1              LCD1602_E = 0;     //使能
  32   1              LCD1602_RS = 0;    //选择发送命令
  33   1              LCD1602_RW = 0;    //选择写入
  34   1              
  35   1              LCD1602_DATAPINS = com;     //放入命令
  36   1              Lcd1602_Delay1ms(1);            //等待数据稳定
  37   1      
  38   1              LCD1602_E = 1;            //写入时序
  39   1              Lcd1602_Delay1ms(5);      //保持时间
  40   1              LCD1602_E = 0;
  41   1      }
  42          
  43          /*******************************************************************************
  44          * 函 数 名         : LcdWriteData
  45          * 函数功能                 : 向LCD写入一个字节的数据
  46          * 输    入         : dat
  47          * 输    出         : 无
  48          *******************************************************************************/                           
  49          void LcdWriteData(uchar dat)                    //写入数据
  50          {
  51   1              LCD1602_E = 0;  //使能清零
  52   1              LCD1602_RS = 1; //选择输入数据
  53   1              LCD1602_RW = 0; //选择写入
  54   1      
  55   1              LCD1602_DATAPINS = dat; //写入数据
C51 COMPILER V9.52.0.0   LCD                                                               06/16/2018 14:27:56 PAGE 2   

  56   1              Lcd1602_Delay1ms(1);
  57   1      
  58   1              LCD1602_E = 1;   //写入时序
  59   1              Lcd1602_Delay1ms(5);   //保持时间
  60   1              LCD1602_E = 0;
  61   1      }
  62          
  63          /*******************************************************************************
  64          * 函 数 名       : LcdInit()
  65          * 函数功能               : 初始化LCD屏
  66          * 输    入       : 无
  67          * 输    出       : 无
  68          *******************************************************************************/                   
  69          void LcdInit()                                            //LCD初始化子程序
  70          {
  71   1              LcdWriteCom(0x38);  //开显示
  72   1              LcdWriteCom(0x0c);  //开显示不显示光标
  73   1              LcdWriteCom(0x06);  //写一个指针加1
  74   1              LcdWriteCom(0x01);  //清屏
  75   1              LcdWriteCom(0x80);  //设置数据指针起点
  76   1      }


MODULE INFORMATION:   STATIC OVERLAYABLE
   CODE SIZE        =     87    ----
   CONSTANT SIZE    =   ----    ----
   XDATA SIZE       =   ----    ----
   PDATA SIZE       =   ----    ----
   DATA SIZE        =   ----    ----
   IDATA SIZE       =   ----    ----
   BIT SIZE         =   ----    ----
END OF MODULE INFORMATION.


C51 COMPILATION COMPLETE.  0 WARNING(S),  0 ERROR(S)
