C51 COMPILER V9.52.0.0   MAIN                                                              06/16/2018 14:27:56 PAGE 1   


C51 COMPILER V9.52.0.0, COMPILATION OF MODULE MAIN
OBJECT MODULE PLACED IN main.OBJ
COMPILER INVOKED BY: E:\Keil\C51\BIN\C51.EXE main.c BROWSE DEBUG OBJECTEXTEND

line level    source

   1          /**************************************************************************************
   2          *                               3150104904 武鑫                                                                           *                                                                                                                                                       
   3          ***************************************************************************************/
   4          #include "reg52.h"
   5          #include "models.h"
   6          
   7          typedef unsigned int u16;
   8          typedef unsigned char u8;
   9                                  
  10          u8 Disp1[]="3150104904 WUXIN";
  11          u8 Disp2[]="  Hello World!  ";
  12          
  13          /*******************************************************************************
  14          * 函 数 名         : main
  15          * 函数功能                 : 主函数
  16          * 输    入         : 无
  17          * 输    出         : 无
  18          *******************************************************************************/
  19          void main(void)
  20          {
  21   1              u8 i;
  22   1              u8 flag;
  23   1              LcdInit();
  24   1              for(i=0;i<16;i++)
  25   1              {
  26   2                      LcdWriteData(Disp1[i]); 
  27   2              }
  28   1              while(1){
  29   2                      if(flag){
  30   3                              LcdWriteCom(0x80+0x40);
  31   3                              for(i=0;i<16;i++)
  32   3                              {
  33   4                                      LcdWriteData(Disp1[i]); 
  34   4                              }
  35   3                              Lcd1602_Delay1ms(1000);
  36   3                      }
  37   2                      else{
  38   3                              LcdWriteCom(0x80+0x40);
  39   3                              for(i=0;i<16;i++)
  40   3                              {
  41   4                                      LcdWriteData(Disp2[i]); 
  42   4                              }
  43   3                              Lcd1602_Delay1ms(1000);
  44   3                      }
  45   2                      flag = 1 - flag;
  46   2              }
  47   1      }


MODULE INFORMATION:   STATIC OVERLAYABLE
   CODE SIZE        =    101    ----
   CONSTANT SIZE    =   ----    ----
   XDATA SIZE       =   ----    ----
   PDATA SIZE       =   ----    ----
   DATA SIZE        =     34       2
C51 COMPILER V9.52.0.0   MAIN                                                              06/16/2018 14:27:56 PAGE 2   

   IDATA SIZE       =   ----    ----
   BIT SIZE         =   ----    ----
END OF MODULE INFORMATION.


C51 COMPILATION COMPLETE.  0 WARNING(S),  0 ERROR(S)
