Added Component: Designator=USB1(USB)
Added Pin To Net: NetName=VCC Pin=USB1-1
Added Pin To Net: NetName=GND Pin=USB1-4
Added Member To Class: ClassName=原理图 Member=Component BEEP1 BEEP
Added Member To Class: ClassName=原理图 Member=Component C2 10UF
Added Member To Class: ClassName=原理图 Member=Component C5 104
Added Member To Class: ClassName=原理图 Member=Component C6 104
Added Member To Class: ClassName=原理图 Member=Component IR1 1x3
Added Member To Class: ClassName=原理图 Member=Component JDQ1 3-2
Added Member To Class: ClassName=原理图 Member=Component JDQ2 3-2
Added Member To Class: ClassName=原理图 Member=Component M1 MOTOR
Added Member To Class: ClassName=原理图 Member=Component Q1 9012
Added Member To Class: ClassName=原理图 Member=Component Q2 9012
Added Member To Class: ClassName=原理图 Member=Component Q3 9013
Added Member To Class: ClassName=原理图 Member=Component Q4 9013
Added Member To Class: ClassName=原理图 Member=Component Q5 9013
Added Member To Class: ClassName=原理图 Member=Component Q6 9013
Added Member To Class: ClassName=原理图 Member=Component Q7 9013
Added Member To Class: ClassName=原理图 Member=Component Q8 9013
Added Member To Class: ClassName=原理图 Member=Component Q9 9012
Added Member To Class: ClassName=原理图 Member=Component Q10 9012
Added Member To Class: ClassName=原理图 Member=Component Q11 9013
Added Member To Class: ClassName=原理图 Member=Component R1 10K
Added Member To Class: ClassName=原理图 Member=Component R2 10K
Added Member To Class: ClassName=原理图 Member=Component R3 1K
Added Member To Class: ClassName=原理图 Member=Component R4 1K
Added Member To Class: ClassName=原理图 Member=Component R6 1K
Added Member To Class: ClassName=原理图 Member=Component R7 1K
Added Member To Class: ClassName=原理图 Member=Component R8 100
Added Member To Class: ClassName=原理图 Member=Component R9 10K
Added Member To Class: ClassName=原理图 Member=Component R10 100
Added Member To Class: ClassName=原理图 Member=Component RP1 5K
Added Member To Class: ClassName=原理图 Member=Component RSTK1 按键
Added Member To Class: ClassName=原理图 Member=Component S1 按键
Added Member To Class: ClassName=原理图 Member=Component S2 按键
Added Member To Class: ClassName=原理图 Member=Component S3 按键
Added Member To Class: ClassName=原理图 Member=Component S4 按键
Added Member To Class: ClassName=原理图 Member=Component S5 按键
Added Member To Class: ClassName=原理图 Member=Component SCR1 LCD1602
Added Member To Class: ClassName=原理图 Member=Component USB1 1x4
