C51 COMPILER V9.52.0.0   DYNAMIC_DIGIT                                                     05/06/2018 23:05:38 PAGE 1   


C51 COMPILER V9.52.0.0, COMPILATION OF MODULE DYNAMIC_DIGIT
OBJECT MODULE PLACED IN dynamic_digit.OBJ
COMPILER INVOKED BY: E:\Keil\C51\BIN\C51.EXE dynamic_digit.c BROWSE DEBUG OBJECTEXTEND

line level    source

   1          #include "reg52.h"                       //此文件中定义了单片机的一些特殊功能寄存器
   2          
   3          typedef unsigned int u16;         //对数据类型进行声明定义
   4          typedef unsigned char u8;
   5          
   6          sbit LSA=P2^2;
   7          sbit LSB=P2^3;
   8          sbit LSC=P2^4;
   9          
  10          u8 code smgduan[17]={0x3f,0x06,0x5b,0x4f,0x66,0x6d,0x7d,0x07,
  11                                                  0x7f,0x6f,0x77,0x7c,0x39,0x5e,0x79,0x71};//显示0~F的值
  12          
  13          /*******************************************************************************
  14          * 函 数 名         : delay
  15          * 函数功能                 : 延时函数，i=1时，大约延时10us
  16          *******************************************************************************/
  17          void delay(u16 i)
  18          {
  19   1              while(i--);     
  20   1      }
  21          
  22          /*******************************************************************************
  23          * 函 数 名         : DigDisplay
  24          * 函数功能                 : 数码管动态扫描函数，循环扫描8个数码管显示
  25          *******************************************************************************/
  26          void DigDisplay()
  27          {
  28   1              u8 i;
  29   1              for(i=0;i<8;i++)
  30   1              {
  31   2                      switch(i)        //位选，选择点亮的数码管，
  32   2                      {
  33   3                              case(0):
  34   3                                      LSA=0;LSB=0;LSC=0; break;//显示第0位
  35   3                              case(1):
  36   3                                      LSA=1;LSB=0;LSC=0; break;//显示第1位
  37   3                              case(2):
  38   3                                      LSA=0;LSB=1;LSC=0; break;//显示第2位
  39   3                              case(3):
  40   3                                      LSA=1;LSB=1;LSC=0; break;//显示第3位
  41   3                              case(4):
  42   3                                      LSA=0;LSB=0;LSC=1; break;//显示第4位
  43   3                              case(5):
  44   3                                      LSA=1;LSB=0;LSC=1; break;//显示第5位
  45   3                              case(6):
  46   3                                      LSA=0;LSB=1;LSC=1; break;//显示第6位
  47   3                              case(7):
  48   3                                      LSA=1;LSB=1;LSC=1; break;//显示第7位    
  49   3                      }
  50   2                      P0=smgduan[i];//发送段码
  51   2                      delay(100); //间隔一段时间扫描  
  52   2                      P0=0x00;//消隐
  53   2              }
  54   1      }
  55          
C51 COMPILER V9.52.0.0   DYNAMIC_DIGIT                                                     05/06/2018 23:05:38 PAGE 2   

  56          /*******************************************************************************
  57          * 函 数 名       : main
  58          * 函数功能               : 主函数
  59          * 输    入       : 无
  60          * 输    出       : 无
  61          *******************************************************************************/
  62          void main()
  63          {       
  64   1              while(1)
  65   1              {       
  66   2                      DigDisplay();  //数码管显示函数 
  67   2              }               
  68   1      }


MODULE INFORMATION:   STATIC OVERLAYABLE
   CODE SIZE        =    125    ----
   CONSTANT SIZE    =     17    ----
   XDATA SIZE       =   ----    ----
   PDATA SIZE       =   ----    ----
   DATA SIZE        =   ----    ----
   IDATA SIZE       =   ----    ----
   BIT SIZE         =   ----    ----
END OF MODULE INFORMATION.


C51 COMPILATION COMPLETE.  0 WARNING(S),  0 ERROR(S)
