Added Component: Designator=BAT1(CR3202)
Added Component: Designator=BEEP1(BEEP)
Added Component: Designator=C1(cap-cp)
Added Component: Designator=C2(cap-cp)
Added Component: Designator=C3(CAP-DJ)
Added Component: Designator=C4(CAP-DJ)
Added Component: Designator=C5(cap-cp)
Added Component: Designator=C6(cap-cp)
Added Component: Designator=C7(cap-cp)
Added Component: Designator=C8(cap-cp)
Added Component: Designator=C9(CAP-DJ)
Added Component: Designator=C10(cap-cp)
Added Component: Designator=C11(cap-cp)
Added Component: Designator=D1(0805-led)
Added Component: Designator=D2(0805-led)
Added Component: Designator=D3(0805-led)
Added Component: Designator=D4(0805-led)
Added Component: Designator=D5(0805-led)
Added Component: Designator=JP1(PZ-2)
Added Component: Designator=JP2(dc-0005)
Added Component: Designator=JP3(5.08DZ)
Added Component: Designator=JP4(PZ-20)
Added Component: Designator=JP5(PZ-4)
Added Component: Designator=JP6(PZ-2x5)
Added Component: Designator=JP7(PZ-3)
Added Component: Designator=Q1(9012-TO-92)
Added Component: Designator=R1(0805-res)
Added Component: Designator=R2(0805-res)
Added Component: Designator=R3(0805-res)
Added Component: Designator=R4(0805-res)
Added Component: Designator=R5(0805-res)
Added Component: Designator=R6(0805-res)
Added Component: Designator=R7(PZ-9)
Added Component: Designator=R8(0805-res)
Added Component: Designator=R9(0805-res)
Added Component: Designator=R10(0805-res)
Added Component: Designator=R11(0805-res)
Added Component: Designator=R12(0805-res)
Added Component: Designator=R13(0805-res)
Added Component: Designator=R14(0805-res)
Added Component: Designator=RP1(VR)
Added Component: Designator=S1(key-6)
Added Component: Designator=S2(KEY-4)
Added Component: Designator=S3(KEY-4)
Added Component: Designator=S4(KEY-4)
Added Component: Designator=S5(KEY-4)
Added Component: Designator=S6(KEY-4)
Added Component: Designator=S7(KEY-4)
Added Component: Designator=S8(KEY-4)
Added Component: Designator=S9(KEY-4)
Added Component: Designator=U1(DIP8)
Added Component: Designator=U2(DIP8)
Added Component: Designator=U3(DIP8)
Added Component: Designator=U4(DIP40)
Added Component: Designator=X1(32.768khz)
Added Component: Designator=X2(12mhz)
Added Pin To Net: NetName=+3V Pin=BAT1-1
Added Pin To Net: NetName=+3V Pin=U1-8
Added Net: Name=+3V
Added Pin To Net: NetName=+5 Pin=C3-1
Added Pin To Net: NetName=+5 Pin=C4-1
Added Pin To Net: NetName=+5 Pin=C5-2
Added Pin To Net: NetName=+5 Pin=C6-2
Added Pin To Net: NetName=+5 Pin=C8-1
Added Pin To Net: NetName=+5 Pin=C9-1
Added Pin To Net: NetName=+5 Pin=D2-1
Added Pin To Net: NetName=+5 Pin=D3-1
Added Pin To Net: NetName=+5 Pin=D4-1
Added Pin To Net: NetName=+5 Pin=D5-1
Added Pin To Net: NetName=+5 Pin=JP4-2
Added Pin To Net: NetName=+5 Pin=JP4-15
Added Pin To Net: NetName=+5 Pin=JP4-17
Added Pin To Net: NetName=+5 Pin=JP4-19
Added Pin To Net: NetName=+5 Pin=JP5-1
Added Pin To Net: NetName=+5 Pin=JP6-1
Added Pin To Net: NetName=+5 Pin=JP6-3
Added Pin To Net: NetName=+5 Pin=JP6-5
Added Pin To Net: NetName=+5 Pin=JP6-7
Added Pin To Net: NetName=+5 Pin=JP6-9
Added Pin To Net: NetName=+5 Pin=JP7-1
Added Pin To Net: NetName=+5 Pin=Q1-1
Added Pin To Net: NetName=+5 Pin=R1-1
Added Pin To Net: NetName=+5 Pin=R2-1
Added Pin To Net: NetName=+5 Pin=R3-1
Added Pin To Net: NetName=+5 Pin=R4-1
Added Pin To Net: NetName=+5 Pin=R5-1
Added Pin To Net: NetName=+5 Pin=R6-2
Added Pin To Net: NetName=+5 Pin=R7-1
Added Pin To Net: NetName=+5 Pin=R14-2
Added Pin To Net: NetName=+5 Pin=RP1-3
Added Pin To Net: NetName=+5 Pin=S1-1
Added Pin To Net: NetName=+5 Pin=S6-2
Added Pin To Net: NetName=+5 Pin=S6-2
Added Pin To Net: NetName=+5 Pin=U1-1
Added Pin To Net: NetName=+5 Pin=U2-8
Added Pin To Net: NetName=+5 Pin=U3-4
Added Pin To Net: NetName=+5 Pin=U4-31
Added Pin To Net: NetName=+5 Pin=U4-40
Added Net: Name=+5
Added Pin To Net: NetName=A Pin=JP2-1
Added Pin To Net: NetName=A Pin=JP3-1
Added Pin To Net: NetName=A Pin=S1-2
Added Net: Name=A
Added Pin To Net: NetName=GND Pin=BAT1-2
Added Pin To Net: NetName=GND Pin=BEEP1-2
Added Pin To Net: NetName=GND Pin=C1-1
Added Pin To Net: NetName=GND Pin=C2-2
Added Pin To Net: NetName=GND Pin=C3-2
Added Pin To Net: NetName=GND Pin=C4-2
Added Pin To Net: NetName=GND Pin=C5-1
Added Pin To Net: NetName=GND Pin=C6-1
Added Pin To Net: NetName=GND Pin=C7-1
Added Pin To Net: NetName=GND Pin=C8-2
Added Pin To Net: NetName=GND Pin=C10-1
Added Pin To Net: NetName=GND Pin=C11-1
Added Pin To Net: NetName=GND Pin=D1-2
Added Pin To Net: NetName=GND Pin=JP2-2
Added Pin To Net: NetName=GND Pin=JP3-2
Added Pin To Net: NetName=GND Pin=JP4-1
Added Pin To Net: NetName=GND Pin=JP5-4
Added Pin To Net: NetName=GND Pin=JP6-2
Added Pin To Net: NetName=GND Pin=JP6-4
Added Pin To Net: NetName=GND Pin=JP6-6
Added Pin To Net: NetName=GND Pin=JP6-8
Added Pin To Net: NetName=GND Pin=JP6-10
Added Pin To Net: NetName=GND Pin=JP7-3
Added Pin To Net: NetName=GND Pin=R8-2
Added Pin To Net: NetName=GND Pin=RP1-1
Added Pin To Net: NetName=GND Pin=S2-2
Added Pin To Net: NetName=GND Pin=S2-2
Added Pin To Net: NetName=GND Pin=S3-2
Added Pin To Net: NetName=GND Pin=S3-2
Added Pin To Net: NetName=GND Pin=S4-2
Added Pin To Net: NetName=GND Pin=S4-2
Added Pin To Net: NetName=GND Pin=S5-2
Added Pin To Net: NetName=GND Pin=S5-2
Added Pin To Net: NetName=GND Pin=S7-2
Added Pin To Net: NetName=GND Pin=S7-2
Added Pin To Net: NetName=GND Pin=S8-2
Added Pin To Net: NetName=GND Pin=S8-2
Added Pin To Net: NetName=GND Pin=S9-1
Added Pin To Net: NetName=GND Pin=S9-1
Added Pin To Net: NetName=GND Pin=U1-4
Added Pin To Net: NetName=GND Pin=U2-1
Added Pin To Net: NetName=GND Pin=U2-2
Added Pin To Net: NetName=GND Pin=U2-3
Added Pin To Net: NetName=GND Pin=U2-4
Added Pin To Net: NetName=GND Pin=U2-7
Added Pin To Net: NetName=GND Pin=U3-5
Added Pin To Net: NetName=GND Pin=U4-20
Added Net: Name=GND
Added Pin To Net: NetName=NetBEEP1_1 Pin=BEEP1-1
Added Pin To Net: NetName=NetBEEP1_1 Pin=Q1-3
Added Net: Name=NetBEEP1_1
Added Pin To Net: NetName=NetC1_2 Pin=C1-2
Added Pin To Net: NetName=NetC1_2 Pin=U1-2
Added Pin To Net: NetName=NetC1_2 Pin=X1-1
Added Net: Name=NetC1_2
Added Pin To Net: NetName=NetC2_1 Pin=C2-1
Added Pin To Net: NetName=NetC2_1 Pin=U3-1
Added Net: Name=NetC2_1
Added Pin To Net: NetName=NetC7_2 Pin=C7-2
Added Pin To Net: NetName=NetC7_2 Pin=U1-3
Added Pin To Net: NetName=NetC7_2 Pin=X1-2
Added Net: Name=NetC7_2
Added Pin To Net: NetName=NetD1_1 Pin=D1-1
Added Pin To Net: NetName=NetD1_1 Pin=R6-1
Added Net: Name=NetD1_1
Added Pin To Net: NetName=NetD2_2 Pin=D2-2
Added Pin To Net: NetName=NetD2_2 Pin=R9-2
Added Net: Name=NetD2_2
Added Pin To Net: NetName=NetD3_2 Pin=D3-2
Added Pin To Net: NetName=NetD3_2 Pin=R10-2
Added Net: Name=NetD3_2
Added Pin To Net: NetName=NetD4_2 Pin=D4-2
Added Pin To Net: NetName=NetD4_2 Pin=R11-2
Added Net: Name=NetD4_2
Added Pin To Net: NetName=NetD5_2 Pin=D5-2
Added Pin To Net: NetName=NetD5_2 Pin=R13-2
Added Net: Name=NetD5_2
Added Pin To Net: NetName=NetJP1_1 Pin=JP1-1
Added Pin To Net: NetName=NetJP1_1 Pin=U3-2
Added Net: Name=NetJP1_1
Added Pin To Net: NetName=NetJP1_2 Pin=JP1-2
Added Pin To Net: NetName=NetJP1_2 Pin=U3-3
Added Net: Name=NetJP1_2
Added Pin To Net: NetName=NetJP4_3 Pin=JP4-3
Added Pin To Net: NetName=NetJP4_3 Pin=RP1-2
Added Net: Name=NetJP4_3
Added Pin To Net: NetName=NetJP4_20 Pin=JP4-20
Added Pin To Net: NetName=NetJP4_20 Pin=S9-2
Added Pin To Net: NetName=NetJP4_20 Pin=S9-2
Added Net: Name=NetJP4_20
Added Pin To Net: NetName=NetQ1_2 Pin=Q1-2
Added Pin To Net: NetName=NetQ1_2 Pin=R12-1
Added Net: Name=NetQ1_2
Added Pin To Net: NetName=P0.0 Pin=JP4-7
Added Pin To Net: NetName=P0.0 Pin=R7-2
Added Pin To Net: NetName=P0.0 Pin=U4-39
Added Net: Name=P0.0
Added Pin To Net: NetName=P0.1 Pin=JP4-8
Added Pin To Net: NetName=P0.1 Pin=R7-3
Added Pin To Net: NetName=P0.1 Pin=U4-38
Added Net: Name=P0.1
Added Pin To Net: NetName=P0.2 Pin=JP4-9
Added Pin To Net: NetName=P0.2 Pin=R7-4
Added Pin To Net: NetName=P0.2 Pin=U4-37
Added Net: Name=P0.2
Added Pin To Net: NetName=P0.3 Pin=JP4-10
Added Pin To Net: NetName=P0.3 Pin=R7-5
Added Pin To Net: NetName=P0.3 Pin=U4-36
Added Net: Name=P0.3
Added Pin To Net: NetName=P0.4 Pin=JP4-11
Added Pin To Net: NetName=P0.4 Pin=R7-6
Added Pin To Net: NetName=P0.4 Pin=U4-35
Added Net: Name=P0.4
Added Pin To Net: NetName=P0.5 Pin=JP4-12
Added Pin To Net: NetName=P0.5 Pin=R7-7
Added Pin To Net: NetName=P0.5 Pin=U4-34
Added Net: Name=P0.5
Added Pin To Net: NetName=P0.6 Pin=JP4-13
Added Pin To Net: NetName=P0.6 Pin=R7-8
Added Pin To Net: NetName=P0.6 Pin=U4-33
Added Net: Name=P0.6
Added Pin To Net: NetName=P0.7 Pin=JP4-14
Added Pin To Net: NetName=P0.7 Pin=R7-9
Added Pin To Net: NetName=P0.7 Pin=U4-32
Added Net: Name=P0.7
Added Pin To Net: NetName=P1.0 Pin=JP4-4
Added Pin To Net: NetName=P1.0 Pin=U4-1
Added Net: Name=P1.0
Added Pin To Net: NetName=P1.1 Pin=JP4-5
Added Pin To Net: NetName=P1.1 Pin=U4-2
Added Net: Name=P1.1
Added Pin To Net: NetName=P1.2 Pin=JP4-6
Added Pin To Net: NetName=P1.2 Pin=U4-3
Added Net: Name=P1.2
Added Pin To Net: NetName=P1.3 Pin=R1-2
Added Pin To Net: NetName=P1.3 Pin=U1-7
Added Pin To Net: NetName=P1.3 Pin=U4-4
Added Net: Name=P1.3
Added Pin To Net: NetName=P1.4 Pin=R3-2
Added Pin To Net: NetName=P1.4 Pin=U1-6
Added Pin To Net: NetName=P1.4 Pin=U4-5
Added Net: Name=P1.4
Added Pin To Net: NetName=P1.5 Pin=R4-2
Added Pin To Net: NetName=P1.5 Pin=U1-5
Added Pin To Net: NetName=P1.5 Pin=U4-6
Added Net: Name=P1.5
Added Pin To Net: NetName=P1.6 Pin=R12-2
Added Pin To Net: NetName=P1.6 Pin=U4-7
Added Net: Name=P1.6
Added Pin To Net: NetName=P1.7 Pin=JP7-2
Added Pin To Net: NetName=P1.7 Pin=R14-1
Added Pin To Net: NetName=P1.7 Pin=U4-8
Added Net: Name=P1.7
Added Pin To Net: NetName=P3.2 Pin=R5-2
Added Pin To Net: NetName=P3.2 Pin=U2-5
Added Pin To Net: NetName=P3.2 Pin=U4-12
Added Net: Name=P3.2
Added Pin To Net: NetName=P3.3 Pin=U3-8
Added Pin To Net: NetName=P3.3 Pin=U4-13
Added Net: Name=P3.3
Added Pin To Net: NetName=P3.4 Pin=U3-7
Added Pin To Net: NetName=P3.4 Pin=U4-14
Added Net: Name=P3.4
Added Pin To Net: NetName=P3.5 Pin=U3-6
Added Pin To Net: NetName=P3.5 Pin=U4-15
Added Net: Name=P3.5
Added Pin To Net: NetName=P3.6 Pin=R9-1
Added Pin To Net: NetName=P3.6 Pin=U4-16
Added Net: Name=P3.6
Added Pin To Net: NetName=P3.7 Pin=R10-1
Added Pin To Net: NetName=P3.7 Pin=U4-17
Added Net: Name=P3.7
Added Pin To Net: NetName=P20 Pin=R13-1
Added Pin To Net: NetName=P20 Pin=U4-21
Added Net: Name=P20
Added Pin To Net: NetName=P21 Pin=R11-1
Added Pin To Net: NetName=P21 Pin=U4-22
Added Net: Name=P21
Added Pin To Net: NetName=P22 Pin=S8-1
Added Pin To Net: NetName=P22 Pin=S8-1
Added Pin To Net: NetName=P22 Pin=U4-23
Added Net: Name=P22
Added Pin To Net: NetName=P23 Pin=S7-1
Added Pin To Net: NetName=P23 Pin=S7-1
Added Pin To Net: NetName=P23 Pin=U4-24
Added Net: Name=P23
Added Pin To Net: NetName=P24 Pin=S5-1
Added Pin To Net: NetName=P24 Pin=S5-1
Added Pin To Net: NetName=P24 Pin=U4-25
Added Net: Name=P24
Added Pin To Net: NetName=P25 Pin=S4-1
Added Pin To Net: NetName=P25 Pin=S4-1
Added Pin To Net: NetName=P25 Pin=U4-26
Added Net: Name=P25
Added Pin To Net: NetName=P26 Pin=S3-1
Added Pin To Net: NetName=P26 Pin=S3-1
Added Pin To Net: NetName=P26 Pin=U4-27
Added Net: Name=P26
Added Pin To Net: NetName=P27 Pin=S2-1
Added Pin To Net: NetName=P27 Pin=S2-1
Added Pin To Net: NetName=P27 Pin=U4-28
Added Net: Name=P27
Added Pin To Net: NetName=RST Pin=C9-2
Added Pin To Net: NetName=RST Pin=R8-1
Added Pin To Net: NetName=RST Pin=S6-1
Added Pin To Net: NetName=RST Pin=S6-1
Added Pin To Net: NetName=RST Pin=U4-9
Added Net: Name=RST
Added Pin To Net: NetName=RXD Pin=JP5-3
Added Pin To Net: NetName=RXD Pin=U4-10
Added Net: Name=RXD
Added Pin To Net: NetName=TXD Pin=JP5-2
Added Pin To Net: NetName=TXD Pin=R2-2
Added Pin To Net: NetName=TXD Pin=U2-6
Added Pin To Net: NetName=TXD Pin=U4-11
Added Net: Name=TXD
Added Pin To Net: NetName=XTAL1 Pin=C10-2
Added Pin To Net: NetName=XTAL1 Pin=U4-19
Added Pin To Net: NetName=XTAL1 Pin=X2-1
Added Net: Name=XTAL1
Added Pin To Net: NetName=XTAL2 Pin=C11-2
Added Pin To Net: NetName=XTAL2 Pin=U4-18
Added Pin To Net: NetName=XTAL2 Pin=X2-2
Added Net: Name=XTAL2
Added Class: Name=万年历原理图
Added Room: Name=万年历原理图
