Replace Part BAT1 电池 in E:\万年历\万年历\万年历原理图.SchDoc with 电池 from 万年历原理图库.SchLib
Replace Part BEEP1 蜂鸣器 in E:\万年历\万年历\万年历原理图.SchDoc with 蜂鸣器 from 万年历原理图库.SchLib
Replace Part C1 瓷片电容 in E:\万年历\万年历\万年历原理图.SchDoc with 瓷片电容 from 万年历原理图库.SchLib
Replace Part C2 瓷片电容 in E:\万年历\万年历\万年历原理图.SchDoc with 瓷片电容 from 万年历原理图库.SchLib
Replace Part C3 电解电容 in E:\万年历\万年历\万年历原理图.SchDoc with 电解电容 from 万年历原理图库.SchLib
Replace Part C4 电解电容 in E:\万年历\万年历\万年历原理图.SchDoc with 电解电容 from 万年历原理图库.SchLib
Replace Part C5 瓷片电容 in E:\万年历\万年历\万年历原理图.SchDoc with 瓷片电容 from 万年历原理图库.SchLib
Replace Part C6 瓷片电容 in E:\万年历\万年历\万年历原理图.SchDoc with 瓷片电容 from 万年历原理图库.SchLib
Replace Part C7 瓷片电容 in E:\万年历\万年历\万年历原理图.SchDoc with 瓷片电容 from 万年历原理图库.SchLib
Replace Part C8 瓷片电容 in E:\万年历\万年历\万年历原理图.SchDoc with 瓷片电容 from 万年历原理图库.SchLib
Replace Part C9 电解电容 in E:\万年历\万年历\万年历原理图.SchDoc with 电解电容 from 万年历原理图库.SchLib
Replace Part C10 瓷片电容 in E:\万年历\万年历\万年历原理图.SchDoc with 瓷片电容 from 万年历原理图库.SchLib
Replace Part C11 瓷片电容 in E:\万年历\万年历\万年历原理图.SchDoc with 瓷片电容 from 万年历原理图库.SchLib
Replace Part D1 LED in E:\万年历\万年历\万年历原理图.SchDoc with LED from 万年历原理图库.SchLib
Replace Part D2 LED in E:\万年历\万年历\万年历原理图.SchDoc with LED from 万年历原理图库.SchLib
Replace Part D3 LED in E:\万年历\万年历\万年历原理图.SchDoc with LED from 万年历原理图库.SchLib
Replace Part D4 LED in E:\万年历\万年历\万年历原理图.SchDoc with LED from 万年历原理图库.SchLib
Replace Part D5 LED in E:\万年历\万年历\万年历原理图.SchDoc with LED from 万年历原理图库.SchLib
Replace Part JP1 1x2 in E:\万年历\万年历\万年历原理图.SchDoc with 1x2 from 万年历原理图库.SchLib
Replace Part JP2 1x2 in E:\万年历\万年历\万年历原理图.SchDoc with 1x2 from 万年历原理图库.SchLib
Replace Part JP3 1x2 in E:\万年历\万年历\万年历原理图.SchDoc with 1x2 from 万年历原理图库.SchLib
Replace Part JP4 1x20 in E:\万年历\万年历\万年历原理图.SchDoc with 1x20 from 万年历原理图库.SchLib
Replace Part JP5 1x4 in E:\万年历\万年历\万年历原理图.SchDoc with 1x4 from 万年历原理图库.SchLib
Replace Part JP6 2x5 in E:\万年历\万年历\万年历原理图.SchDoc with 2x5 from 万年历原理图库.SchLib
Replace Part JP7 1x3 in E:\万年历\万年历\万年历原理图.SchDoc with 1x3 from 万年历原理图库.SchLib
Replace Part Q1 PNP in E:\万年历\万年历\万年历原理图.SchDoc with PNP from 万年历原理图库.SchLib
Replace Part R1 电阻 in E:\万年历\万年历\万年历原理图.SchDoc with 电阻 from 万年历原理图库.SchLib
Replace Part R2 电阻 in E:\万年历\万年历\万年历原理图.SchDoc with 电阻 from 万年历原理图库.SchLib
Replace Part R3 电阻 in E:\万年历\万年历\万年历原理图.SchDoc with 电阻 from 万年历原理图库.SchLib
Replace Part R4 电阻 in E:\万年历\万年历\万年历原理图.SchDoc with 电阻 from 万年历原理图库.SchLib
Replace Part R5 电阻 in E:\万年历\万年历\万年历原理图.SchDoc with 电阻 from 万年历原理图库.SchLib
Replace Part R6 电阻 in E:\万年历\万年历\万年历原理图.SchDoc with 电阻 from 万年历原理图库.SchLib
Replace Part R7 1x9 in E:\万年历\万年历\万年历原理图.SchDoc with 1x9 from 万年历原理图库.SchLib
Replace Part R8 电阻 in E:\万年历\万年历\万年历原理图.SchDoc with 电阻 from 万年历原理图库.SchLib
Replace Part R9 电阻 in E:\万年历\万年历\万年历原理图.SchDoc with 电阻 from 万年历原理图库.SchLib
Replace Part R10 电阻 in E:\万年历\万年历\万年历原理图.SchDoc with 电阻 from 万年历原理图库.SchLib
Replace Part R11 电阻 in E:\万年历\万年历\万年历原理图.SchDoc with 电阻 from 万年历原理图库.SchLib
Replace Part R12 电阻 in E:\万年历\万年历\万年历原理图.SchDoc with 电阻 from 万年历原理图库.SchLib
Replace Part R13 电阻 in E:\万年历\万年历\万年历原理图.SchDoc with 电阻 from 万年历原理图库.SchLib
Replace Part R14 电阻 in E:\万年历\万年历\万年历原理图.SchDoc with 电阻 from 万年历原理图库.SchLib
Replace Part RP1 可调电阻 in E:\万年历\万年历\万年历原理图.SchDoc with 可调电阻 from 万年历原理图库.SchLib
Replace Part S1 按键 in E:\万年历\万年历\万年历原理图.SchDoc with 按键 from 万年历原理图库.SchLib
Replace Part S2 按键 in E:\万年历\万年历\万年历原理图.SchDoc with 按键 from 万年历原理图库.SchLib
Replace Part S3 按键 in E:\万年历\万年历\万年历原理图.SchDoc with 按键 from 万年历原理图库.SchLib
Replace Part S4 按键 in E:\万年历\万年历\万年历原理图.SchDoc with 按键 from 万年历原理图库.SchLib
Replace Part S5 按键 in E:\万年历\万年历\万年历原理图.SchDoc with 按键 from 万年历原理图库.SchLib
Replace Part S6 按键 in E:\万年历\万年历\万年历原理图.SchDoc with 按键 from 万年历原理图库.SchLib
Replace Part S7 按键 in E:\万年历\万年历\万年历原理图.SchDoc with 按键 from 万年历原理图库.SchLib
Replace Part S8 按键 in E:\万年历\万年历\万年历原理图.SchDoc with 按键 from 万年历原理图库.SchLib
Replace Part S9 按键 in E:\万年历\万年历\万年历原理图.SchDoc with 按键 from 万年历原理图库.SchLib
Replace Part U1 DS1302 in E:\万年历\万年历\万年历原理图.SchDoc with DS1302 from 万年历原理图库.SchLib
Replace Part U2 24C04 in E:\万年历\万年历\万年历原理图.SchDoc with 24C04 from 万年历原理图库.SchLib
Replace Part U3 语音芯片 in E:\万年历\万年历\万年历原理图.SchDoc with 语音芯片 from 万年历原理图库.SchLib
Replace Part U4 STC89C52 in E:\万年历\万年历\万年历原理图.SchDoc with STC89C52 from 万年历原理图库.SchLib
Replace Part X1 晶振 in E:\万年历\万年历\万年历原理图.SchDoc with 晶振 from 万年历原理图库.SchLib
Replace Part X2 晶振 in E:\万年历\万年历\万年历原理图.SchDoc with 晶振 from 万年历原理图库.SchLib
