C51 COMPILER V9.54   BEEP                                                                  06/22/2018 13:22:45 PAGE 1   


C51 COMPILER V9.54, COMPILATION OF MODULE BEEP
OBJECT MODULE PLACED IN .\Objects\beep.obj
COMPILER INVOKED BY: E:\Keil\Keil_v5\C51\BIN\C51.EXE beep.c OPTIMIZE(8,SPEED) BROWSE DEBUG OBJECTEXTEND PRINT(.\Listings
                    -\beep.lst) TABS(2) OBJECT(.\Objects\beep.obj)

line level    source

   1          #include "reg52.h"       //此文件中定义了单片机的一些特殊功能寄存器
   2          #include "SoundPlay.h"
   3          #include "music.h"
   4          
   5          typedef unsigned int u16;   //对数据类型进行声明定义
   6          typedef unsigned char u8;
   7          
   8          
   9          
  10          void Delay1ms(unsigned int count)
  11          {
  12   1        unsigned int i,j;
  13   1        for(i=0;i<count;i++)
  14   1        for(j=0;j<120;j++);
  15   1      }
  16          
  17          void main()
  18          {
  19   1        InitialSound();
  20   1        while(1)
  21   1        {
  22   2          Play(Music_Girl,0,3,360);
  23   2          
  24   2          Delay1ms(500);
  25   2          Play(Music_Same,0,3,360);
  26   2          Delay1ms(500);
  27   2          Play(Music_Two,0,3,360);
  28   2          Delay1ms(500);
  29   2        }
  30   1      }


MODULE INFORMATION:   STATIC OVERLAYABLE
   CODE SIZE        =    854    ----
   CONSTANT SIZE    =    936    ----
   XDATA SIZE       =   ----    ----
   PDATA SIZE       =   ----    ----
   DATA SIZE        =      6      51
   IDATA SIZE       =   ----    ----
   BIT SIZE         =   ----    ----
END OF MODULE INFORMATION.


C51 COMPILATION COMPLETE.  0 WARNING(S),  0 ERROR(S)
