C51 COMPILER V9.54   LEDS                                                                  06/22/2018 14:03:06 PAGE 1   


C51 COMPILER V9.54, COMPILATION OF MODULE LEDS
OBJECT MODULE PLACED IN .\Objects\LEDs.obj
COMPILER INVOKED BY: E:\Keil\Keil_v5\C51\BIN\C51.EXE LEDs.c OPTIMIZE(8,SPEED) BROWSE DEBUG OBJECTEXTEND PRINT(.\Listings
                    -\LEDs.lst) TABS(2) OBJECT(.\Objects\LEDs.obj)

line level    source

   1          #include<reg51.h>
   2          #include<intrins.h>
   3          sbit SRCLK=P3^6;
   4          sbit RCLK=P3^5;
   5          sbit SER=P3^4;
   6          
   7          //--定义要使用的IO口--//
   8          #define COMMONPORTS   P0
   9          //--列选通控制--//
  10          unsigned char code TAB[8]  = {0x7f,0xbf,0xdf,0xef,0xf7,0xfb,0xfd,0xfe};
  11          //--点阵字码--//
  12          unsigned char code CHARCODE[10][8]=
  13          {
  14          {0x00,0x00,0x3e,0x41,0x41,0x41,0x3e,0x00}, //0
  15          {0x00,0x00,0x00,0x00,0x21,0x7f,0x01,0x00}, //1
  16          {0x00,0x00,0x27,0x45,0x45,0x45,0x39,0x00}, //2
  17          {0x00,0x00,0x22,0x49,0x49,0x49,0x36,0x00}, //3
  18          {0x00,0x00,0x0c,0x14,0x24,0x7f,0x04,0x00}, //4
  19          {0x00,0x00,0x72,0x51,0x51,0x51,0x4e,0x00}, //5
  20          {0x00,0x00,0x3e,0x49,0x49,0x49,0x26,0x00}, //6
  21          {0x00,0x00,0x40,0x40,0x40,0x4f,0x70,0x00}, //7
  22          {0x00,0x00,0x36,0x49,0x49,0x49,0x36,0x00}, //8
  23          {0x00,0x00,0x32,0x49,0x49,0x49,0x3e,0x00}, //9
  24          
  25          };
  26          void delay(unsigned int i)
  27          {
  28   1          while(i--);
  29   1      }
  30          
  31          /*******************************************************************************
  32          * 函数名         : HC595SendByte(unsigned char dat)
  33          * 函数功能     : 向74H595发送一个字节的数据
  34          * 输入           : 无
  35          * 输出           : 无
  36          *******************************************************************************/
  37          void HC595SendByte(unsigned char dat)
  38          {
  39   1        unsigned char a;
  40   1        SRCLK=0;
  41   1        RCLK=0;
  42   1        for(a=0;a<8;a++)
  43   1        {
  44   2          SER=dat>>7;
  45   2          dat<<=1;
  46   2      
  47   2          SRCLK=1;
  48   2          _nop_();
  49   2          _nop_();
  50   2          SRCLK=0;  
  51   2        }
  52   1      
  53   1        RCLK=1;
  54   1        _nop_();
C51 COMPILER V9.54   LEDS                                                                  06/22/2018 14:03:06 PAGE 2   

  55   1        _nop_();
  56   1        RCLK=0;
  57   1      }
  58          /***********************************************************
  59          * 函数名         : main
  60          * 函数功能       : 主函数
  61          * 输入           : 无
  62          * 输出           : 无
  63          *********************************************************/
  64          
  65          void main()
  66          { 
  67   1        unsigned char tab, j;
  68   1        unsigned int  i;
  69   1        while(1)
  70   1        { 
  71   2          for(i= 0; i<50; i++ )   //两个字之间的扫描间隔时间
  72   2          {
  73   3            for(tab=0;tab<8;tab++)
  74   3            { 
  75   4      
  76   4              HC595SendByte(0x00);           //消隐                               
  77   4              COMMONPORTS = TAB[tab];        //输出字码 
  78   4              HC595SendByte(CHARCODE[j][tab]);  
  79   4              delay(200);   
  80   4            }
  81   3             
  82   3          }
  83   2          j++;
  84   2          if(j == 10)
  85   2          {
  86   3            j = 0;
  87   3          }
  88   2        } 
  89   1      }


MODULE INFORMATION:   STATIC OVERLAYABLE
   CODE SIZE        =    131    ----
   CONSTANT SIZE    =     88    ----
   XDATA SIZE       =   ----    ----
   PDATA SIZE       =   ----    ----
   DATA SIZE        =   ----       1
   IDATA SIZE       =   ----    ----
   BIT SIZE         =   ----    ----
END OF MODULE INFORMATION.


C51 COMPILATION COMPLETE.  0 WARNING(S),  0 ERROR(S)
