C51 COMPILER V9.52.0.0   TIME                                                              05/06/2018 22:29:32 PAGE 1   


C51 COMPILER V9.52.0.0, COMPILATION OF MODULE TIME
OBJECT MODULE PLACED IN time.OBJ
COMPILER INVOKED BY: E:\Keil\C51\BIN\C51.EXE time.c BROWSE DEBUG OBJECTEXTEND

line level    source

   1          #include "reg52.h"                       //此文件中定义了单片机的一些特殊功能寄存器
   2          
   3          typedef unsigned int u16;         //对数据类型进行声明定义
   4          typedef unsigned char u8;
   5          
   6          sbit LSA=P2^2;
   7          sbit LSB=P2^3;
   8          sbit LSC=P2^4;
   9          
  10          u8 code smgduan[17]={0x3f,0x06,0x5b,0x4f,0x66,0x6d,0x7d,0x07,
  11                                                  0x7f,0x6f,0x77,0x7c,0x39,0x5e,0x79,0x71};//显示0~F的值
  12          u8 n=0;
  13          /*******************************************************************************
  14          * 函 数 名         : Timer1Init
  15          * 函数功能                 : 定时器1初始化
  16          * 输    入         : 无
  17          * 输    出         : 无
  18          *******************************************************************************/
  19          void Timer1Init()
  20          {
  21   1              TMOD|=0X10;//选择为定时器1模式，工作方式1，仅用TR1打开启动。
  22   1      
  23   1              TH1=0XFC;       //给定时器赋初值，定时1ms
  24   1              TL1=0X18;       
  25   1              ET1=1;//打开定时器1中断允许
  26   1              EA=1;//打开总中断
  27   1              TR1=1;//打开定时器                      
  28   1      }
  29          
  30          /*******************************************************************************
  31          * 函 数 名       : main
  32          * 函数功能               : 主函数
  33          * 输    入       : 无
  34          * 输    出       : 无
  35          *******************************************************************************/
  36          void main()
  37          {       
  38   1              LSA=0;
  39   1              LSB=1;
  40   1              LSC=1;
  41   1              Timer1Init();  //定时器1初始化
  42   1              while(1);               
  43   1      }
  44          
  45          /*******************************************************************************
  46          * 函 数 名         : void Timer1() interrupt 3
  47          * 函数功能                 : 定时器1中断函数
  48          * 输    入         : 无
  49          * 输    出         : 无
  50          *******************************************************************************/
  51          void Timer1() interrupt 3
  52          {
  53   1              static u16 i;
  54   1              TH1=0XFC;       //给定时器赋初值，定时1ms
  55   1              TL1=0X18;
C51 COMPILER V9.52.0.0   TIME                                                              05/06/2018 22:29:32 PAGE 2   

  56   1              i++;
  57   1              if(i==1000)
  58   1              {
  59   2                      i=0;
  60   2                      P0=smgduan[n++];
  61   2                      if(n==16)n=0;   
  62   2              }       
  63   1      }


MODULE INFORMATION:   STATIC OVERLAYABLE
   CODE SIZE        =     98    ----
   CONSTANT SIZE    =     17    ----
   XDATA SIZE       =   ----    ----
   PDATA SIZE       =   ----    ----
   DATA SIZE        =      3    ----
   IDATA SIZE       =   ----    ----
   BIT SIZE         =   ----    ----
END OF MODULE INFORMATION.


C51 COMPILATION COMPLETE.  0 WARNING(S),  0 ERROR(S)
