Removed Pin From Net: NetName=P36 Pin=JDQ1-1
Removed Pin From Net: NetName=GND Pin=JDQ1-2
Removed Pin From Net: NetName=P36 Pin=R6-1
Removed Pin From Net: NetName=VCC Pin=RP1-1
Removed Pin From Net: NetName=GND Pin=SCR1-1
Removed Pin From Net: NetName=VCC Pin=SCR1-2
Removed Pin From Net: NetName=NetRP1_2 Pin=SCR1-3
Removed Pin From Net: NetName=P26 Pin=SCR1-4
Removed Pin From Net: NetName=P25 Pin=SCR1-5
Removed Pin From Net: NetName=P27 Pin=SCR1-6
Removed Pin From Net: NetName=P00 Pin=SCR1-7
Removed Pin From Net: NetName=P01 Pin=SCR1-8
Removed Pin From Net: NetName=P02 Pin=SCR1-9
Removed Pin From Net: NetName=P03 Pin=SCR1-10
Removed Pin From Net: NetName=P04 Pin=SCR1-11
Removed Pin From Net: NetName=P05 Pin=SCR1-12
Removed Pin From Net: NetName=P06 Pin=SCR1-13
Removed Pin From Net: NetName=P07 Pin=SCR1-14
Removed Pin From Net: NetName=VCC Pin=SCR1-15
Removed Pin From Net: NetName=GND Pin=SCR1-16
Added Pin To Net: NetName=DIR Pin=R6-1
Added Net: Name=DIR
Added Room: Name=‘≠¿ÌÕº
