Removed Pin From Net: NetName=EGY Pin=Q1-1
Removed Pin From Net: NetName=NetQ1_3 Pin=Q1-3
Removed Pin From Net: NetName=EGY Pin=Q2-1
Removed Pin From Net: NetName=NetQ2_3 Pin=Q2-3
Removed Pin From Net: NetName=EGY Pin=Q3-1
Removed Pin From Net: NetName=NetM1_1 Pin=Q3-3
Removed Pin From Net: NetName=EGY Pin=Q4-1
Removed Pin From Net: NetName=NetM1_2 Pin=Q4-3
Removed Pin From Net: NetName=NetQ1_2 Pin=Q5-1
Removed Pin From Net: NetName=GND Pin=Q5-3
Removed Pin From Net: NetName=NetQ2_2 Pin=Q6-1
Removed Pin From Net: NetName=GND Pin=Q6-3
Removed Pin From Net: NetName=GND Pin=Q7-1
Removed Pin From Net: NetName=NetM1_2 Pin=Q7-3
Removed Pin From Net: NetName=GND Pin=Q9-1
Removed Pin From Net: NetName=NetBEEP1_2 Pin=Q9-3
Added Pin To Net: NetName=NetQ1_3 Pin=Q1-1
Added Pin To Net: NetName=EGY Pin=Q1-3
Added Pin To Net: NetName=NetQ2_3 Pin=Q2-1
Added Pin To Net: NetName=EGY Pin=Q2-3
Added Pin To Net: NetName=NetM1_1 Pin=Q3-1
Added Pin To Net: NetName=EGY Pin=Q3-3
Added Pin To Net: NetName=NetM1_2 Pin=Q4-1
Added Pin To Net: NetName=EGY Pin=Q4-3
Added Pin To Net: NetName=GND Pin=Q5-1
Added Pin To Net: NetName=NetQ1_2 Pin=Q5-3
Added Pin To Net: NetName=GND Pin=Q6-1
Added Pin To Net: NetName=NetQ2_2 Pin=Q6-3
Added Pin To Net: NetName=NetM1_2 Pin=Q7-1
Added Pin To Net: NetName=GND Pin=Q7-3
Added Pin To Net: NetName=NetBEEP1_2 Pin=Q9-1
Added Pin To Net: NetName=GND Pin=Q9-3
